{"name": "test_new_products", "status": "failed", "statusDetails": {"message": "AssertionError: Unexpected sku\nassert 'BFB9ZOK210' == 'C0MSSDSUM7'\n  - C0MSSDSUM7\n  + BFB9ZOK210", "trace": "browser = <selenium.webdriver.chrome.webdriver.WebDriver (session=\"3a50d1a526823268620c594573c8028a\")>\n\n    def test_new_products(browser):\n      url =     url = \"https://test.qa.studio\"\n      browser.get(url=url)\n      element = browser.find_element(by=By.CSS_SELECTOR, value=\"[class='tab-new ']\")\n      element.click()\n      x_path_table = '//*[@id=\"rz-shop-content\"]/ul/li[4]/div/div[2]/h2/a'\n      element = browser.find_element(By.XPATH, value=x_path_table)\n      element.click()\n      sku = browser.find_element(By.CLASS_NAME, value=\"sku\")\n>     assert sku.text == 'C0MSSDSUM7', \"Unexpected sku\"\nE     AssertionError: Unexpected sku\nE     assert 'BFB9ZOK210' == 'C0MSSDSUM7'\nE       - C0MSSDSUM7\nE       + BFB9ZOK210\n\ntests/test_smoke.py:36: AssertionError"}, "start": 1670255667697, "stop": 1670255672742, "uuid": "ee453b20-74f8-4106-9ae4-723f32b9e895", "historyId": "a6edf61b717176034632b8fa179fba79", "testCaseId": "c16157a7ea5cf9d6dbca143769d96403", "fullName": "tests.test_smoke#test_new_products", "labels": [{"name": "parentSuite", "value": "tests"}, {"name": "suite", "value": "test_smoke"}, {"name": "host", "value": "MacBook-Dasa.local"}, {"name": "thread", "value": "89528-MainThread"}, {"name": "framework", "value": "pytest"}, {"name": "language", "value": "cpython3"}, {"name": "package", "value": "tests.test_smoke"}]}